<?xml version="1.0" encoding="UTF-8"?>
<testng-results skipped="0" failed="0" total="1" passed="1">
  <reporter-output>
    <line>
      <![CDATA[Performing BasicTest startup]]>
    </line>
    <line>
      <![CDATA[Instantiated the driver.]]>
    </line>
    <line>
      <![CDATA[Instantiated Navigator.]]>
    </line>
    <line>
      <![CDATA[Deleting cookies]]>
    </line>
    <line>
      <![CDATA[<br>NAVIGATING TO: 'http://houserie:R3nta1r00st@staging.houserie.com/']]>
    </line>
    <line>
      <![CDATA[<br><span style="color:green">[P]</span> NAVIGATED TO:'http://houserie:R3nta1r00st@staging.houserie.com/']]>
    </line>
    <line>
      <![CDATA[<br>NAVIGATING TO: 'http://houserie:R3nta1r00st@staging.houserie.com/']]>
    </line>
    <line>
      <![CDATA[<br><span style="color:green">[P]</span> NAVIGATED TO:'http://houserie:R3nta1r00st@staging.houserie.com/']]>
    </line>
    <line>
      <![CDATA[<br><span style="color:green">[P]</span> ELEMENT FOUND: By.id: login]]>
    </line>
    <line>
      <![CDATA[<br><span style="color:green">[P]</span> ELEMENT FOUND: By.id: sign_up]]>
    </line>
    <line>
      <![CDATA[<br>[ON PAGE]: null]]>
    </line>
    <line>
      <![CDATA[<br><span style="color:green">[P]</span> ELEMENT FOUND: By.id: login]]>
    </line>
    <line>
      <![CDATA[<br><span style="color:green">[P]</span> ELEMENT FOUND: By.xpath: //form[@id='new_user']/li/input]]>
    </line>
    <line>
      <![CDATA[<br><span style="color:green">[P]</span> CHNAGED VALUE FOR ELEMENT: By.xpath: //form[@id='new_user']/li/input FROM 'Email' TO 'amit.deshpande@gslab.com']]>
    </line>
    <line>
      <![CDATA[<br><span style="color:green">[P]</span> ELEMENT FOUND: By.xpath: //form[@id='new_user']/li/input[2]]]>
    </line>
    <line>
      <![CDATA[<br><span style="color:green">[P]</span> CHNAGED VALUE FOR ELEMENT: By.xpath: //form[@id='new_user']/li/input[2] FROM 'Password' TO 'hrental123']]>
    </line>
    <line>
      <![CDATA[<br><span style="color:green">[P]</span> ELEMENT FOUND: By.id: login_btn]]>
    </line>
    <line>
      <![CDATA[<br><span style="color:green">[P]</span> ELEMENT FOUND: By.id: cont-1]]>
    </line>
    <line>
      <![CDATA[<br><span style="color:green">[P]</span> ELEMENT FOUND: By.id: cont-2]]>
    </line>
    <line>
      <![CDATA[<br>[ON PAGE]: null]]>
    </line>
    <line>
      <![CDATA[<br><span style="color:green">[P]</span> ELEMENT FOUND: By.xpath: //div[@id='flash_messages']/span]]>
    </line>
    <line>
      <![CDATA[<br><span style="color:green">[P]</span> ELEMENT FOUND: By.id: myacc1]]>
    </line>
    <line>
      <![CDATA[<br><span style="color:green">[P]</span> ELEMENT FOUND: By.xpath: //a[contains(@href, '/users/sign_out')]]]>
    </line>
    <line>
      <![CDATA[<br><span style="color:green">[P]</span> ELEMENT FOUND: By.xpath: //div[@id='flash_messages']/span]]>
    </line>
    <line>
      <![CDATA[Closing session.]]>
    </line>
    <line>
      <![CDATA[Closing session.]]>
    </line>
  </reporter-output>
  <suite name="Default suite" duration-ms="55253" started-at="2014-04-13T14:30:26Z" finished-at="2014-04-13T14:31:21Z">
    <groups>
      <group name="smoke">
        <method signature="HRLoginTest.HRLogin()[pri:0, instance:com.rentalroost.automation.houserieqa.HRLoginTest@164f4eb]" name="HRLogin" class="com.rentalroost.automation.houserieqa.HRLoginTest"/>
      </group> <!-- smoke -->
    </groups>
    <test name="Default test" duration-ms="55253" started-at="2014-04-13T14:30:26Z" finished-at="2014-04-13T14:31:21Z">
      <class name="com.rentalroost.automation.houserieqa.HRLoginTest">
        <test-method status="PASS" signature="performStartup()[pri:0, instance:com.rentalroost.automation.houserieqa.HRLoginTest@164f4eb]" name="performStartup" is-config="true" duration-ms="7450" started-at="2014-04-13T20:00:26Z" finished-at="2014-04-13T20:00:33Z">
          <reporter-output>
            <line>
              <![CDATA[Performing BasicTest startup]]>
            </line>
            <line>
              <![CDATA[Instantiated the driver.]]>
            </line>
            <line>
              <![CDATA[Instantiated Navigator.]]>
            </line>
          </reporter-output>
        </test-method> <!-- performStartup -->
        <test-method status="PASS" signature="setUp()[pri:0, instance:com.rentalroost.automation.houserieqa.HRLoginTest@164f4eb]" name="setUp" is-config="true" duration-ms="22176" started-at="2014-04-13T20:00:33Z" finished-at="2014-04-13T20:00:55Z">
          <reporter-output>
            <line>
              <![CDATA[Deleting cookies]]>
            </line>
            <line>
              <![CDATA[<br>NAVIGATING TO: 'http://houserie:R3nta1r00st@staging.houserie.com/']]>
            </line>
            <line>
              <![CDATA[<br><span style="color:green">[P]</span> NAVIGATED TO:'http://houserie:R3nta1r00st@staging.houserie.com/']]>
            </line>
          </reporter-output>
        </test-method> <!-- setUp -->
        <test-method status="PASS" signature="HRLogin()[pri:0, instance:com.rentalroost.automation.houserieqa.HRLoginTest@164f4eb]" name="HRLogin" duration-ms="25616" started-at="2014-04-13T20:00:55Z" finished-at="2014-04-13T20:01:21Z">
          <reporter-output>
            <line>
              <![CDATA[<br>NAVIGATING TO: 'http://houserie:R3nta1r00st@staging.houserie.com/']]>
            </line>
            <line>
              <![CDATA[<br><span style="color:green">[P]</span> NAVIGATED TO:'http://houserie:R3nta1r00st@staging.houserie.com/']]>
            </line>
            <line>
              <![CDATA[<br><span style="color:green">[P]</span> ELEMENT FOUND: By.id: login]]>
            </line>
            <line>
              <![CDATA[<br><span style="color:green">[P]</span> ELEMENT FOUND: By.id: sign_up]]>
            </line>
            <line>
              <![CDATA[<br>[ON PAGE]: null]]>
            </line>
            <line>
              <![CDATA[<br><span style="color:green">[P]</span> ELEMENT FOUND: By.id: login]]>
            </line>
            <line>
              <![CDATA[<br><span style="color:green">[P]</span> ELEMENT FOUND: By.xpath: //form[@id='new_user']/li/input]]>
            </line>
            <line>
              <![CDATA[<br><span style="color:green">[P]</span> CHNAGED VALUE FOR ELEMENT: By.xpath: //form[@id='new_user']/li/input FROM 'Email' TO 'amit.deshpande@gslab.com']]>
            </line>
            <line>
              <![CDATA[<br><span style="color:green">[P]</span> ELEMENT FOUND: By.xpath: //form[@id='new_user']/li/input[2]]]>
            </line>
            <line>
              <![CDATA[<br><span style="color:green">[P]</span> CHNAGED VALUE FOR ELEMENT: By.xpath: //form[@id='new_user']/li/input[2] FROM 'Password' TO 'hrental123']]>
            </line>
            <line>
              <![CDATA[<br><span style="color:green">[P]</span> ELEMENT FOUND: By.id: login_btn]]>
            </line>
            <line>
              <![CDATA[<br><span style="color:green">[P]</span> ELEMENT FOUND: By.id: cont-1]]>
            </line>
            <line>
              <![CDATA[<br><span style="color:green">[P]</span> ELEMENT FOUND: By.id: cont-2]]>
            </line>
            <line>
              <![CDATA[<br>[ON PAGE]: null]]>
            </line>
            <line>
              <![CDATA[<br><span style="color:green">[P]</span> ELEMENT FOUND: By.xpath: //div[@id='flash_messages']/span]]>
            </line>
            <line>
              <![CDATA[<br><span style="color:green">[P]</span> ELEMENT FOUND: By.id: myacc1]]>
            </line>
            <line>
              <![CDATA[<br><span style="color:green">[P]</span> ELEMENT FOUND: By.xpath: //a[contains(@href, '/users/sign_out')]]]>
            </line>
            <line>
              <![CDATA[<br><span style="color:green">[P]</span> ELEMENT FOUND: By.xpath: //div[@id='flash_messages']/span]]>
            </line>
          </reporter-output>
        </test-method> <!-- HRLogin -->
        <test-method status="PASS" signature="tearDown()[pri:0, instance:com.rentalroost.automation.houserieqa.HRLoginTest@164f4eb]" name="tearDown" is-config="true" duration-ms="0" started-at="2014-04-13T20:01:21Z" finished-at="2014-04-13T20:01:21Z">
          <reporter-output>
          </reporter-output>
        </test-method> <!-- tearDown -->
        <test-method status="PASS" signature="closeSession()[pri:0, instance:com.rentalroost.automation.houserieqa.HRLoginTest@164f4eb]" name="closeSession" is-config="true" duration-ms="385" started-at="2014-04-13T20:01:21Z" finished-at="2014-04-13T20:01:21Z">
          <reporter-output>
            <line>
              <![CDATA[Closing session.]]>
            </line>
            <line>
              <![CDATA[Closing session.]]>
            </line>
          </reporter-output>
        </test-method> <!-- closeSession -->
      </class> <!-- com.rentalroost.automation.houserieqa.HRLoginTest -->
    </test> <!-- Default test -->
  </suite> <!-- Default suite -->
</testng-results>
