<?xml version="1.0" encoding="UTF-8" ?>
<testsuite failures="1" time="94.481" errors="0" skipped="19" tests="21" name="TestSuite">
  <properties>
[...]
</properties>
  <testcase time="13.354" classname="com.rentalroost.automation.houserieqa.CancelOrderByLandlordTest" name="CancelOrderByLandlord"/>
  <testcase time="33.155" classname="com.rentalroost.automation.houserieqa.ChangePaymentOptionBeforeMultipleTenantsAuthorizationTest" name="setUp">
    <failure message="java.lang.reflect.InvocationTargetException" type="java.lang.RuntimeException">java.lang.RuntimeException: java.lang.reflect.InvocationTargetException
	at org.openqa.selenium.support.PageFactory.instantiatePage(PageFactory.java:140)
	at org.openqa.selenium.support.PageFactory.initElements(PageFactory.java:66)
	at com.rentalroost.automation.houserieqa.processor.Navigator.HouserieSiteManager$HouserieSite.goToAddTenantsPage(HouserieSiteManager.java:93)
	at com.rentalroost.automation.houserieqa.processor.HouserieLib.HouserieLibrary.initaiteOrderWithMultipleTenants(HouserieLibrary.java:275)
	at com.rentalroost.automation.houserieqa.ChangePaymentOptionBeforeMultipleTenantsAuthorizationTest.setUp(ChangePaymentOptionBeforeMultipleTenantsAuthorizationTest.java:50)
Caused by: java.lang.reflect.InvocationTargetException
	at sun.reflect.NativeConstructorAccessorImpl.newInstance0(Native Method)
	at sun.reflect.NativeConstructorAccessorImpl.newInstance(NativeConstructorAccessorImpl.java:57)
	at sun.reflect.DelegatingConstructorAccessorImpl.newInstance(DelegatingConstructorAccessorImpl.java:45)
	at java.lang.reflect.Constructor.newInstance(Constructor.java:526)
	at org.openqa.selenium.support.PageFactory.instantiatePage(PageFactory.java:131)
	... 38 more
Caused by: org.openqa.selenium.UnhandledAlertException: Modal dialog present: Please select property rating
Build info: version: &apos;2.41.0&apos;, revision: &apos;3192d8a6c4449dc285928ba024779344f5423c58&apos;, time: &apos;2014-03-27 11:29:39&apos;
System info: host: &apos;faraday&apos;, ip: &apos;10.71.71.22&apos;, os.name: &apos;Windows 7&apos;, os.arch: &apos;amd64&apos;, os.version: &apos;6.1&apos;, java.version: &apos;1.7.0_45&apos;
Session ID: f7280e9d-3a74-4896-88d5-13242ea90eb3
Driver info: org.openqa.selenium.firefox.FirefoxDriver
Capabilities [{platform=XP, acceptSslCerts=true, javascriptEnabled=true, cssSelectorsEnabled=true, databaseEnabled=true, browserName=firefox, handlesAlerts=true, browserConnectionEnabled=true, webStorageEnabled=true, nativeEvents=true, rotatable=false, locationContextEnabled=true, applicationCacheEnabled=true, takesScreenshot=true, version=28.0}]
	at sun.reflect.NativeConstructorAccessorImpl.newInstance0(Native Method)
	at sun.reflect.NativeConstructorAccessorImpl.newInstance(NativeConstructorAccessorImpl.java:57)
	at sun.reflect.DelegatingConstructorAccessorImpl.newInstance(DelegatingConstructorAccessorImpl.java:45)
	at java.lang.reflect.Constructor.newInstance(Constructor.java:526)
	at org.openqa.selenium.remote.ErrorHandler.createThrowable(ErrorHandler.java:193)
	at org.openqa.selenium.remote.ErrorHandler.createUnhandledAlertException(ErrorHandler.java:174)
	at org.openqa.selenium.remote.ErrorHandler.throwIfResponseFailed(ErrorHandler.java:141)
	at org.openqa.selenium.remote.RemoteWebDriver.execute(RemoteWebDriver.java:595)
	at org.openqa.selenium.remote.RemoteWebDriver.findElement(RemoteWebDriver.java:348)
	at org.openqa.selenium.remote.RemoteWebDriver.findElementById(RemoteWebDriver.java:389)
	at org.openqa.selenium.By$ById.findElement(By.java:214)
	at org.openqa.selenium.remote.RemoteWebDriver.findElement(RemoteWebDriver.java:340)
	at sun.reflect.GeneratedMethodAccessor7.invoke(Unknown Source)
	at sun.reflect.DelegatingMethodAccessorImpl.invoke(DelegatingMethodAccessorImpl.java:43)
	at java.lang.reflect.Method.invoke(Method.java:606)
	at org.openqa.selenium.support.events.EventFiringWebDriver$2.invoke(EventFiringWebDriver.java:101)
	at com.sun.proxy.$Proxy8.findElement(Unknown Source)
	at org.openqa.selenium.support.events.EventFiringWebDriver.findElement(EventFiringWebDriver.java:184)
	at org.openqa.selenium.support.pagefactory.DefaultElementLocator.findElement(DefaultElementLocator.java:59)
	at org.openqa.selenium.support.pagefactory.AjaxElementLocator.access$001(AjaxElementLocator.java:40)
	at org.openqa.selenium.support.pagefactory.AjaxElementLocator$SlowLoadingElement.isLoaded(AjaxElementLocator.java:140)
	at org.openqa.selenium.support.ui.SlowLoadableComponent.get(SlowLoadableComponent.java:48)
	at org.openqa.selenium.support.pagefactory.AjaxElementLocator.findElement(AjaxElementLocator.java:70)
	at org.openqa.selenium.support.pagefactory.internal.LocatingElementHandler.invoke(LocatingElementHandler.java:34)
	at com.sun.proxy.$Proxy10.isDisplayed(Unknown Source)
	at com.rentalroost.automation.core.qa.WebPage$2.apply(WebPage.java:211)
	at com.rentalroost.automation.core.qa.WebPage$2.apply(WebPage.java:209)
	at org.openqa.selenium.support.ui.FluentWait.until(FluentWait.java:208)
	at com.rentalroost.automation.core.qa.WebPage.visibilityOfElementLocated(WebPage.java:221)
	at com.rentalroost.automation.core.qa.WebPage.visibilityOfElementsLocated(WebPage.java:233)
	at com.rentalroost.automation.core.qa.WebPage.waitUntilAllElementsAreLoaded(WebPage.java:322)
	at com.rentalroost.automation.core.qa.WebPage.&lt;init&gt;(WebPage.java:140)
	at com.rentalroost.automation.houserieqa.HouserieWebPage.&lt;init&gt;(HouserieWebPage.java:23)
	at com.rentalroost.automation.houserieqa.processor.PageObjects.AddTenantsPage.&lt;init&gt;(AddTenantsPage.java:16)
	... 43 more
</failure>
    <system-out>CancelOrderByLandlord test case ended.
Performing BasicTest startup
Instantiated the driver.
Instantiated Navigator.
ChangePaymentBeforeMultipleTenantsAuthorization test case started.
</system-out>
  </testcase>
  <testcase time="0" classname="com.rentalroost.automation.houserieqa.ChangePaymentOptionBeforeMultipleTenantsAuthorizationTest" name="ChangePaymentOptionBeforeMultipleTenantsAuthorization">
    <skipped/>
  </testcase>
  <testcase time="0" classname="com.rentalroost.automation.houserieqa.ChangePaymentOptionLandlordToTenantTest" name="performStartup">
    <skipped/>
  </testcase>
  <testcase time="0" classname="com.rentalroost.automation.houserieqa.ChangePaymentOptionLandlordToTenantTest" name="setUp">
    <skipped/>
  </testcase>
  <testcase time="0" classname="com.rentalroost.automation.houserieqa.ChangePaymentOptionLandlordToTenantTest" name="ChangePaymentOptionLandlordToTenant">
    <skipped/>
  </testcase>
  <testcase time="0.001" classname="com.rentalroost.automation.houserieqa.ChangePaymentOptionTenantToLandlordTest" name="performStartup">
    <skipped/>
  </testcase>
  <testcase time="0.026" classname="com.rentalroost.automation.houserieqa.ChangePaymentOptionTenantToLandlordTest" name="setUp">
    <skipped/>
  </testcase>
  <testcase time="0" classname="com.rentalroost.automation.houserieqa.ChangePaymentOptionTenantToLandlordTest" name="ChangePaymentOptionTenantToLandlord">
    <skipped/>
  </testcase>
  <testcase time="0.001" classname="com.rentalroost.automation.houserieqa.HRLoginTest" name="performStartup">
    <skipped/>
  </testcase>
  <testcase time="0.001" classname="com.rentalroost.automation.houserieqa.HRLoginTest" name="setUp">
    <skipped/>
  </testcase>
  <testcase time="0" classname="com.rentalroost.automation.houserieqa.HRLoginTest" name="HRLogin">
    <skipped/>
  </testcase>
  <testcase time="0" classname="com.rentalroost.automation.houserieqa.LandlordSingleTenantFlowTest" name="performStartup">
    <skipped/>
  </testcase>
  <testcase time="0" classname="com.rentalroost.automation.houserieqa.LandlordSingleTenantFlowTest" name="setUp">
    <skipped/>
  </testcase>
  <testcase time="0" classname="com.rentalroost.automation.houserieqa.LandlordSingleTenantFlowTest" name="LandlordSingleTenantFlow">
    <skipped/>
  </testcase>
  <testcase time="0" classname="com.rentalroost.automation.houserieqa.TenantScreeningAuthorizationLandlordPayTest" name="performStartup">
    <skipped/>
  </testcase>
  <testcase time="0" classname="com.rentalroost.automation.houserieqa.TenantScreeningAuthorizationLandlordPayTest" name="setUp">
    <skipped/>
  </testcase>
  <testcase time="0" classname="com.rentalroost.automation.houserieqa.TenantScreeningAuthorizationLandlordPayTest" name="TenantScreeningAuthorizationLandlordPay">
    <skipped/>
  </testcase>
  <testcase time="0.001" classname="com.rentalroost.automation.houserieqa.TenantScreeningAuthorizationTenantPayTest" name="performStartup">
    <skipped/>
  </testcase>
  <testcase time="0.001" classname="com.rentalroost.automation.houserieqa.TenantScreeningAuthorizationTenantPayTest" name="setUp">
    <skipped/>
  </testcase>
  <testcase time="0" classname="com.rentalroost.automation.houserieqa.TenantScreeningAuthorizationTenantPayTest" name="TenantScreeningAuthorizationLandlordPay">
    <skipped/>
  </testcase>
</testsuite>