<?xml version="1.0" encoding="UTF-8"?>
<testng-results skipped="0" failed="0" total="0" passed="0">
  <reporter-output>
  </reporter-output>
  <suite name="com.rentalroost.automation.core.qa.AppTest" duration-ms="4" started-at="2014-04-08T12:35:54Z" finished-at="2014-04-08T12:35:54Z">
    <groups>
    </groups>
    <test name="Command line test" duration-ms="4" started-at="2014-04-08T12:35:54Z" finished-at="2014-04-08T12:35:54Z">
    </test> <!-- Command line test -->
  </suite> <!-- com.rentalroost.automation.core.qa.AppTest -->
</testng-results>
